cgi-bin/build_layout.bash 54988a85053a5ad3dd490f1fc414431715a53f8bc10684 WhiteFox aria "WhiteFox-AriaBlank-0.kll" "WhiteFox-AriaBlank-1.kll" "WhiteFox-AriaBlank-2.kll"  2>&1
+ BaseMapOverride='scancode_map scancode_map.aria'
+ DefaultMapOverride='stdFuncMap WhiteFox-AriaBlank-0'
+ PartialMapsExpandedOverride='stdFuncMap WhiteFox-AriaBlank-1;stdFuncMap WhiteFox-AriaBlank-2'
+ CMakeExtraArgs=-DCONFIGURATOR=1
+ /srv/KiiConf/controller/Keyboards/whitefox.bash -c /srv/KiiConf/controller -o /srv/KiiConf/tmp/54988a85053a5ad3dd490f1fc414431715a53f8bc10684
linux-gnu/Linux is supported.
Unix Build
Selected Generator: Ninja
/srv/KiiConf/tmp/54988a85053a5ad3dd490f1fc414431715a53f8bc10684
-- Build CPU Detected:
x86_64
-- Build Kernel Detected:
Linux 4.9.68-x86_64-linode89
-- Compiler Family:
arm
-- Compiler Selected:
gcc
-- Chip Selected:
mk20dx256vlh7
-- Chip Family:
mk2x
-- CPU Selected:
cortex-m4
-- Compiler Source Files:
Lib/kinetis.c;Lib/delay.c;Lib/entropy.c;Lib/periodic.c;Lib/time.c
-- Bootloader Type:
dfu
-- Full Compiler:
/usr/bin/arm-none-eabi-gcc 
-- Detected Scan Module Source Files:
Scan/Devices/ISSILed/i2c.c;Scan/Devices/ISSILed/led_scan.c;Scan/Devices/MatrixARMPeriodic/matrix_scan.c;Scan/WhiteFox/scan_loop.c
-- Detected Macro Module Source Files:
Macro/PartialMap/macro.c;Macro/PartialMap/result.c;Macro/PartialMap/trigger.c;Macro/PixelMap/pixel.c;/srv/KiiConf/tmp/54988a85053a5ad3dd490f1fc414431715a53f8bc10684/generatedPixelmap.c
-- Detected Output Module Source Files:
Output/HID-IO/hidio_com.c;Output/Interface/output_gen.c;Output/USB/output_com.c;Output/USB/output_usb.c;Output/USB/arm/usb_desc.c;Output/USB/arm/usb_dev.c;Output/USB/arm/usb_joystick.c;Output/USB/arm/usb_keyboard.c;Output/USB/arm/usb_mem.c;Output/USB/arm/usb_mouse.c;Output/USB/arm/usb_rawio.c;Output/USB/arm/usb_serial.c
-- Detected Debug Module Source Files:
Debug/cli/cli.c;Debug/latency/latency.c;Debug/led/led.c;Debug/print/print.c
-- Found Git: /usr/bin/git (found version "1.9.1") 
-- Build OS Detected:
Ubuntu 14.04.5 LTS trusty
-- Found Ctags: /usr/bin/ctags (found version "5.9~svn20110310") 
ctags: cannot open tag file : Permission denied
-- Found PythonInterp: python3 (found suitable version "3.4.3", minimum required is "3") 
-- Detected Layout Files:
/srv/KiiConf/controller/Scan/Devices/ISSILed/capabilities.kll
/srv/KiiConf/controller/Scan/Devices/MatrixARMPeriodic/capabilities.kll
/srv/KiiConf/controller/Macro/PartialMap/capabilities.kll
/srv/KiiConf/controller/Macro/PixelMap/capabilities.kll
/srv/KiiConf/controller/Output/HID-IO/capabilities.kll
/srv/KiiConf/controller/Output/USB/capabilities.kll
/srv/KiiConf/controller/Debug/latency/capabilities.kll
/srv/KiiConf/controller/Scan/WhiteFox/scancode_map.kll
/srv/KiiConf/controller/Scan/WhiteFox/scancode_map.aria.kll
/srv/KiiConf/controller/kll/layouts/stdFuncMap.kll
/srv/KiiConf/tmp/54988a85053a5ad3dd490f1fc414431715a53f8bc10684/WhiteFox-AriaBlank-0.kll
/srv/KiiConf/controller/kll/layouts/stdFuncMap.kll
/srv/KiiConf/tmp/54988a85053a5ad3dd490f1fc414431715a53f8bc10684/WhiteFox-AriaBlank-1.kll
/srv/KiiConf/controller/kll/layouts/stdFuncMap.kll
/srv/KiiConf/tmp/54988a85053a5ad3dd490f1fc414431715a53f8bc10684/WhiteFox-AriaBlank-2.kll
-- Found DFU_SUFFIX: /usr/local/bin/dfu-suffix (found version "0.8") 
-- Configuring done
-- Generating done
-- Build files have been written to: /srv/KiiConf/tmp/54988a85053a5ad3dd490f1fc414431715a53f8bc10684
[1/35] Generating KLL Layout
kll BETA 0.5c.dea946f21c8069342b7daaa17f68e791c6a10ffd - 2017-12-09 20:58:57 -0800
-- Generating --
kll_defs.h
generatedKeymap.h
generatedPixelmap.c
kll.json
[2/35] Building C object CMakeFiles/kiibohd.dir/main.c.o
[3/35] Building C object CMakeFiles/kiibohd.dir/Lib/kinetis.c.o
[4/35] Building C object CMakeFiles/kiibohd.dir/Lib/delay.c.o
[5/35] Building C object CMakeFiles/kiibohd.dir/Lib/entropy.c.o
[6/35] Building C object CMakeFiles/kiibohd.dir/Lib/periodic.c.o
[7/35] Building C object CMakeFiles/kiibohd.dir/generatedPixelmap.c.o
[8/35] Building C object CMakeFiles/kiibohd.dir/Lib/time.c.o
[9/35] Building C object CMakeFiles/kiibohd.dir/Scan/Devices/MatrixARMPeriodic/matrix_scan.c.o
[10/35] Building C object CMakeFiles/kiibohd.dir/Macro/PixelMap/pixel.c.o
[11/35] Building C object CMakeFiles/kiibohd.dir/Scan/Devices/ISSILed/i2c.c.o
[12/35] Building C object CMakeFiles/kiibohd.dir/Scan/Devices/ISSILed/led_scan.c.o
[13/35] Building C object CMakeFiles/kiibohd.dir/Scan/WhiteFox/scan_loop.c.o
[14/35] Building C object CMakeFiles/kiibohd.dir/Macro/PartialMap/macro.c.o
[15/35] Building C object CMakeFiles/kiibohd.dir/Macro/PartialMap/result.c.o
[16/35] Building C object CMakeFiles/kiibohd.dir/Macro/PartialMap/trigger.c.o
[17/35] Building C object CMakeFiles/kiibohd.dir/Debug/cli/cli.c.o
[18/35] Building C object CMakeFiles/kiibohd.dir/Output/USB/output_com.c.o
[19/35] Building C object CMakeFiles/kiibohd.dir/Output/HID-IO/hidio_com.c.o
[20/35] Building C object CMakeFiles/kiibohd.dir/Output/Interface/output_gen.c.o
[21/35] Building C object CMakeFiles/kiibohd.dir/Output/USB/output_usb.c.o
[22/35] Building C object CMakeFiles/kiibohd.dir/Debug/led/led.c.o
[23/35] Building C object CMakeFiles/kiibohd.dir/Output/USB/arm/usb_desc.c.o
[24/35] Building C object CMakeFiles/kiibohd.dir/Output/USB/arm/usb_dev.c.o
[25/35] Building C object CMakeFiles/kiibohd.dir/Output/USB/arm/usb_joystick.c.o
[26/35] Building C object CMakeFiles/kiibohd.dir/Output/USB/arm/usb_keyboard.c.o
[27/35] Building C object CMakeFiles/kiibohd.dir/Output/USB/arm/usb_mem.c.o
[28/35] Building C object CMakeFiles/kiibohd.dir/Output/USB/arm/usb_mouse.c.o
[29/35] Building C object CMakeFiles/kiibohd.dir/Output/USB/arm/usb_rawio.c.o
[30/35] Building C object CMakeFiles/kiibohd.dir/Output/USB/arm/usb_serial.c.o
[31/35] Building C object CMakeFiles/kiibohd.dir/Debug/latency/latency.c.o
[32/35] Building C object CMakeFiles/kiibohd.dir/Debug/print/print.c.o
[33/35] Linking C executable kiibohd.elf
Setting new key
Key Prepended: 0000000000000000
[34/35] Chip usage for mk20dx256vlh7
[35/35] Message for DFU targets
NOTE: kiibohd.secure.dfu.bin is required for secure Kiibohd Bootloaders.
Only keyboards from late 2017 and onwards, support this.
See lsusb -d 1c11: -v and look for iInterface 4 Kiibohd DFU Secure.
Otherwise, use the kiibohd.dfu.bin file when it says iInterface 4 Kiibohd DFU.
Use the physical reset button on the back of the keyboard to temporarily disable secure mode.
NOTE2: Secure mode is disabled currently, but will be enabled when key negotiation is supported.
	 SRAM: 	17% 	11176/65536	bytes
	Flash: 	21% 	55304/253952	bytes
Firmware has been compiled into: '/srv/KiiConf/tmp/54988a85053a5ad3dd490f1fc414431715a53f8bc10684'
/srv/KiiConf/dist
+ RETVAL=0
+ set +x
Compilation Completed.
